x64\debug\cu1.cu.obj
g:\пиаси\2023\лабораторные работы\primer\mainprogram\pidll\pidll\x64\debug\vc143.pdb
g:\пиаси\2023\лабораторные работы\primer\mainprogram\pidll\pidll\x64\debug\.netframework,version=v4.7.2.assemblyattributes.obj
g:\пиаси\2023\лабораторные работы\primer\mainprogram\pidll\pidll\x64\debug\ccc.obj
g:\пиаси\2023\лабораторные работы\primer\mainprogram\pidll\x64\debug\pidll.lib
g:\пиаси\2023\лабораторные работы\primer\mainprogram\pidll\x64\debug\pidll.exp
g:\пиаси\2023\лабораторные работы\primer\mainprogram\pidll\x64\debug\pidll.dll
g:\пиаси\2023\лабораторные работы\primer\mainprogram\pidll\x64\debug\pidll.pdb
g:\пиаси\2023\лабораторные работы\primer\mainprogram\pidll\pidll\x64\debug\cu1.cu.cache
g:\пиаси\2023\лабораторные работы\primer\mainprogram\pidll\pidll\x64\debug\cu1.cu.obj
g:\пиаси\2023\лабораторные работы\primer\mainprogram\pidll\pidll\x64\debug\pidll.tlog\cudacompile.read.1u.tlog
g:\пиаси\2023\лабораторные работы\primer\mainprogram\pidll\pidll\x64\debug\pidll.tlog\cudacompile.write.1u.tlog
g:\пиаси\2023\лабораторные работы\primer\mainprogram\pidll\pidll\x64\debug\pidll.tlog\metagen.write.1.tlog
g:\пиаси\2023\лабораторные работы\primer\mainprogram\pidll\pidll\x64\debug\pidll.tlog\cl.read.1.tlog
g:\пиаси\2023\лабораторные работы\primer\mainprogram\pidll\pidll\x64\debug\pidll.tlog\cl.write.1.tlog
g:\пиаси\2023\лабораторные работы\primer\mainprogram\pidll\pidll\x64\debug\pidll.tlog\cl.command.1.tlog
g:\пиаси\2023\лабораторные работы\primer\mainprogram\pidll\pidll\x64\debug\pidll.tlog\metagen.read.1.tlog
g:\пиаси\2023\лабораторные работы\primer\mainprogram\pidll\pidll\x64\debug\pidll.tlog\link.read.2.tlog
g:\пиаси\2023\лабораторные работы\primer\mainprogram\pidll\pidll\x64\debug\pidll.tlog\link.command.1.tlog
g:\пиаси\2023\лабораторные работы\primer\mainprogram\pidll\pidll\x64\debug\pidll.tlog\link.write.2u.tlog
g:\пиаси\2023\лабораторные работы\primer\mainprogram\pidll\pidll\x64\debug\pidll.tlog\link.write.1.tlog
